c:\users\bobr7\desktop\spaceinvaderproject\spaceinvaders\spaceinvaders\debug\vc141.pdb
c:\users\bobr7\desktop\spaceinvaderproject\spaceinvaders\spaceinvaders\debug\vc141.idb
c:\users\bobr7\desktop\spaceinvaderproject\spaceinvaders\spaceinvaders\debug\window.obj
c:\users\bobr7\desktop\spaceinvaderproject\spaceinvaders\spaceinvaders\debug\player.obj
c:\users\bobr7\desktop\spaceinvaderproject\spaceinvaders\spaceinvaders\debug\main.obj
c:\users\bobr7\desktop\spaceinvaderproject\spaceinvaders\spaceinvaders\debug\gameobject.obj
c:\users\bobr7\desktop\spaceinvaderproject\spaceinvaders\spaceinvaders\debug\barrier.obj
c:\users\bobr7\desktop\spaceinvaderproject\spaceinvaders\spaceinvaders\debug\alienmanager.obj
c:\users\bobr7\desktop\spaceinvaderproject\spaceinvaders\spaceinvaders\debug\alien.obj
c:\users\bobr7\desktop\spaceinvaderproject\spaceinvaders\spaceinvaders\debug\bullet.obj
c:\users\bobr7\desktop\spaceinvaderproject\spaceinvaders\spaceinvaders\debug\collision.obj
c:\users\bobr7\desktop\spaceinvaderproject\spaceinvaders\debug\spaceinvaders.exe
c:\users\bobr7\desktop\spaceinvaderproject\spaceinvaders\debug\spaceinvaders.ilk
c:\users\bobr7\desktop\spaceinvaderproject\spaceinvaders\debug\spaceinvaders.pdb
c:\users\bobr7\desktop\spaceinvaderproject\spaceinvaders\spaceinvaders\debug\spaceinvaders.tlog\cl.command.1.tlog
c:\users\bobr7\desktop\spaceinvaderproject\spaceinvaders\spaceinvaders\debug\spaceinvaders.tlog\cl.read.1.tlog
c:\users\bobr7\desktop\spaceinvaderproject\spaceinvaders\spaceinvaders\debug\spaceinvaders.tlog\cl.write.1.tlog
c:\users\bobr7\desktop\spaceinvaderproject\spaceinvaders\spaceinvaders\debug\spaceinvaders.tlog\link.command.1.tlog
c:\users\bobr7\desktop\spaceinvaderproject\spaceinvaders\spaceinvaders\debug\spaceinvaders.tlog\link.read.1.tlog
c:\users\bobr7\desktop\spaceinvaderproject\spaceinvaders\spaceinvaders\debug\spaceinvaders.tlog\link.write.1.tlog
