  alien.cpp
c:\users\bobr7\desktop\git\spaceinvadersreplica\spaceinvaders\spaceinvaders\src\alien.cpp(22): warning C4244: 'argument': conversion from 'int' to 'T', possible loss of data
          with
          [
              T=float
          ]
  background.cpp
c:\users\bobr7\desktop\git\spaceinvadersreplica\spaceinvaders\spaceinvaders\src\background.cpp(14): warning C4305: 'argument': truncation from 'double' to 'float'
  barrier.cpp
c:\users\bobr7\desktop\git\spaceinvadersreplica\spaceinvaders\spaceinvaders\src\barrier.cpp(25): warning C4244: 'argument': conversion from 'int' to 'T', possible loss of data
          with
          [
              T=float
          ]
  bullet.cpp
  collision.cpp
  main.cpp
c:\users\bobr7\desktop\git\spaceinvadersreplica\spaceinvaders\spaceinvaders\src\main.cpp(216): warning C4244: 'argument': conversion from 'time_t' to 'unsigned int', possible loss of data
  player.cpp
  scoreManager.cpp
  window.cpp
  Generating Code...
  SpaceInvaders.vcxproj -> C:\Users\bobr7\Desktop\git\SpaceInvadersReplica\SpaceInvaders\Debug\SpaceInvaders.exe
